
[run-task] Running task in Cloud Hypervisor (instance 4)

  Rootfs: /opt/cloud-hypervisor/rootfs-instance-4.ext4
  Kernel: /opt/cloud-hypervisor/vmlinuz
  Timeout: 300s
  Rootfs prep skipped (SKIP_ROOTFS_PREP=1)
  Safety checks skipped (SKIP_SAFETY_CHECKS=1)

[run-task] Starting Cloud Hypervisor VM

  Cloud Hypervisor PID: 255040
  Console output: /tmp/tmp.6hCuXxfaCk

[run-task] Waiting for task completion (timeout: 300s)

  Elapsed: 0s / 300s  Elapsed: 1s / 300s  Elapsed: 2s / 300s  Elapsed: 3s / 300s  Elapsed: 4s / 300s  Elapsed: 5s / 300s  Elapsed: 6s / 300s  Elapsed: 7s / 300s  Elapsed: 8s / 300s  Elapsed: 9s / 300s  Elapsed: 10s / 300s  Elapsed: 11s / 300s  VM has shut down after 12s


[run-task] Extracting results from rootfs

  Task completed successfully

========================================
RESULTS
========================================
{
  "status": "failed",
  "tests_passed": 0,
  "tests_failed": 1,
  "exit_code": 1,
  "timestamp": "2026-02-18T05:46:52+00:00"
}


========================================
RUN LOG (last 50 lines)
========================================
========================================
Terminal-Bench Task Runner
Boot completed at: 2026-02-18T05:46:49+00:00
========================================

[SOLUTION] Running solution.sh...
[SOLUTION] Completed

[TESTS] Running pytest...
============================= test session starts ==============================
platform linux -- Python 3.10.4, pytest-8.4.1, pluggy-1.6.0 -- /usr/bin/python3
cachedir: .pytest_cache
rootdir: /app
collecting ... collected 1 item

tests/test_outputs.py::test_parallel_pbkdf2_correct_and_faster FAILED    [100%]

=================================== FAILURES ===================================
___________________ test_parallel_pbkdf2_correct_and_faster ____________________
tests/test_outputs.py:292: in test_parallel_pbkdf2_correct_and_faster
    assert t_par <= SPEEDUP_FACTOR * t_seq, (
E   AssertionError: Expected parallel to be faster (t_par=1.258s vs t_seq=1.665s, cpus=2). Submissions observed: 36 via PPE.submit, PPE.submit, PPE.submit, PPE.submit, PPE.submit, PPE.submit, PPE.submit, PPE.submit, PPE.submit, PPE.submit, PPE.submit, PPE.submit, PPE.submit, PPE.submit, PPE.submit, PPE.submit, PPE.submit, PPE.submit, PPE.submit, PPE.submit, PPE.submit, PPE.submit, PPE.submit, PPE.submit, PPE.submit, PPE.submit, PPE.submit, PPE.submit, PPE.submit, PPE.submit, PPE.submit, PPE.submit, PPE.submit, PPE.submit, PPE.submit, PPE.submit
E   assert 1.2583577560000005 <= (0.7 * 1.665147256000001)
=========================== short test summary info ============================
FAILED tests/test_outputs.py::test_parallel_pbkdf2_correct_and_faster - Asser...
============================== 1 failed in 2.98s ===============================

========================================
Results: failed (Passed: 0, Failed: 1)
========================================

========================================
CONSOLE OUTPUT (last 30 lines)
========================================
[[0;32m  OK  [0m] Stopped target [0;1;39mSlice Units[0m.
[[0;32m  OK  [0m] Removed slice [0;1;39mUser and Session Slice[0m.
[[0;32m  OK  [0m] Stopped target [0;1;39mSocket Units[0m.
[[0;32m  OK  [0m] Stopped target [0;1;39mSystem Initialization[0m.
[[0;32m  OK  [0m] Stopped target [0;1;39mLocal Encrypted Volumes[0m.
[[0;32m  OK  [0m] Stopped [0;1;39mDispatch Password â€¦ts to Console Directory Watch[0m.
[[0;32m  OK  [0m] Stopped [0;1;39mForward Password Râ€¦uests to Wall Directory Watch[0m.
[[0;32m  OK  [0m] Stopped target [0;1;39mSwaps[0m.
[[0;32m  OK  [0m] Stopped target [0;1;39mLocal Verity Protected Volumes[0m.
[[0;32m  OK  [0m] Closed [0;1;39mSyslog Socket[0m.
[[0;32m  OK  [0m] Stopped [0;1;39mApply Kernel Variables[0m.
[[0;32m  OK  [0m] Stopped [0;1;39mLoad Kernel Modules[0m.
         Stopping [0;1;39mNetwork Time Synchronization[0m...
         Stopping [0;1;39mRecord System Boot/Shutdown in UTMP[0m...
[[0;32m  OK  [0m] Stopped [0;1;39mRecord System Boot/Shutdown in UTMP[0m.
[[0;32m  OK  [0m] Stopped [0;1;39mNetwork Time Synchronization[0m.
[[0;32m  OK  [0m] Stopped [0;1;39mCreate Volatile Files and Directories[0m.
[[0;32m  OK  [0m] Stopped target [0;1;39mLocal File Systems[0m.
         Unmounting [0;1;39m/run/credentials/systemd-sysusers.service[0m...
[[0;32m  OK  [0m] Unmounted [0;1;39m/run/credentials/systemd-sysusers.service[0m.
[[0;32m  OK  [0m] Stopped target [0;1;39mPreparation for Local File Systems[0m.
[[0;32m  OK  [0m] Reached target [0;1;39mUnmount All Filesystems[0m.
[[0;32m  OK  [0m] Stopped [0;1;39mCreate Static Device Nodes in /dev[0m.
[[0;32m  OK  [0m] Stopped [0;1;39mCreate System Users[0m.
[[0;32m  OK  [0m] Stopped [0;1;39mRemount Root and Kernel File Systems[0m.
[[0;32m  OK  [0m] Reached target [0;1;39mSystem Shutdown[0m.
[[0;32m  OK  [0m] Reached target [0;1;39mLate Shutdown Services[0m.
[[0;32m  OK  [0m] Finished [0;1;39mSystem Power Off[0m.
[[0;32m  OK  [0m] Reached target [0;1;39mSystem Power Off[0m.
[   11.469473] reboot: Power down

========================================
SUMMARY
========================================
  Status:       failed
  Tests Passed: 0
  Tests Failed: 1
========================================

========================================
TIMING BREAKDOWN
========================================
  Boot time:      7.900s  (host launch -> guest autorun start)
  Solution time:  0.025s  (solution.sh execution)
  Test time:      3.437s  (pytest execution)
  Task total:     3.496s  (boot-done -> pre-shutdown)
  Shutdown time:  0.648s  (poweroff -> process exit)
  â”€â”€â”€â”€â”€â”€â”€â”€â”€â”€â”€â”€â”€â”€â”€â”€â”€â”€â”€â”€â”€â”€â”€â”€
  Total lifecycle: 12.044s (host launch -> process exit)
========================================

Task FAILED
