
[run-task] Running task in Firecracker (instance 2)

  Rootfs: /opt/firecracker/rootfs-instance-2.ext4
  Kernel: /opt/firecracker/vmlinux.bin
  Timeout: 300s
  Rootfs prep skipped (SKIP_ROOTFS_PREP=1)
  Safety checks skipped (SKIP_SAFETY_CHECKS=1)

[run-task] Starting Firecracker VM

  Firecracker PID: 58982
  Console output: /tmp/tmp.k5QN8NcToj

[run-task] Waiting for task completion (timeout: 300s)

  Elapsed: 0s / 300s  Elapsed: 1s / 300s  Elapsed: 2s / 300s  Elapsed: 3s / 300s  Elapsed: 4s / 300s  VM has shut down after 5s


[run-task] Extracting results from rootfs

  Task completed successfully

========================================
RESULTS
========================================
{
  "status": "failed",
  "tests_passed": 0,
  "tests_failed": 1,
  "exit_code": 1,
  "timestamp": "2026-02-18T01:04:34+00:00"
}


========================================
RUN LOG (last 50 lines)
========================================
========================================
Terminal-Bench Task Runner
Boot completed at: 2026-02-18T01:04:30+00:00
========================================

[SOLUTION] Running solution.sh...
[SOLUTION] Completed

[TESTS] Running pytest...
============================= test session starts ==============================
platform linux -- Python 3.10.4, pytest-8.4.1, pluggy-1.6.0 -- /usr/bin/python3
cachedir: .pytest_cache
rootdir: /app
collecting ... collected 1 item

tests/test_outputs.py::test_parallel_pbkdf2_correct_and_faster FAILED    [100%]

=================================== FAILURES ===================================
___________________ test_parallel_pbkdf2_correct_and_faster ____________________
tests/test_outputs.py:292: in test_parallel_pbkdf2_correct_and_faster
    assert t_par <= SPEEDUP_FACTOR * t_seq, (
E   AssertionError: Expected parallel to be faster (t_par=1.288s vs t_seq=1.658s, cpus=2). Submissions observed: 36 via PPE.submit, PPE.submit, PPE.submit, PPE.submit, PPE.submit, PPE.submit, PPE.submit, PPE.submit, PPE.submit, PPE.submit, PPE.submit, PPE.submit, PPE.submit, PPE.submit, PPE.submit, PPE.submit, PPE.submit, PPE.submit, PPE.submit, PPE.submit, PPE.submit, PPE.submit, PPE.submit, PPE.submit, PPE.submit, PPE.submit, PPE.submit, PPE.submit, PPE.submit, PPE.submit, PPE.submit, PPE.submit, PPE.submit, PPE.submit, PPE.submit, PPE.submit
E   assert 1.2881257429999997 <= (0.7 * 1.6581775049999998)
=========================== short test summary info ============================
FAILED tests/test_outputs.py::test_parallel_pbkdf2_correct_and_faster - Asser...
============================== 1 failed in 3.00s ===============================

========================================
Results: failed (Passed: 0, Failed: 1)
========================================

========================================
CONSOLE OUTPUT (last 30 lines)
========================================
[    0.834446] bash[865]: [SOLUTION] Completed
[[0;32m  OK  [0m] Created slice [0;1;39mSlice /system/getty[0m.
[[0;32m  OK  [0m] Started [0;1;39mGetty on tty1[0m.
[[0;32m  OK  [0m] Reached target [0;1;39mLogin Prompts[0m.
[    0.849086] bash[865]: [TESTS] Running pytest...
[[0;32m  OK  [0m] Started [0;1;39mUser Login Management[0m.
[[0;32m  OK  [0m] Started [0;1;39mDispatcher daemon for systemd-networkd[0m.
[    4.199972] bash[865]: ============================= test session starts ==============================
[    4.201104] bash[865]: platform linux -- Python 3.10.4, pytest-8.4.1, pluggy-1.6.0 -- /usr/bin/python3
[    4.202021] bash[865]: cachedir: .pytest_cache
[    4.202749] bash[865]: rootdir: /app
[    4.203426] bash[865]: collecting ... collected 1 item
[    4.204066] bash[865]: tests/test_outputs.py::test_parallel_pbkdf2_correct_and_faster FAILED    [100%]
[    4.205023] bash[865]: =================================== FAILURES ===================================
[    4.205987] bash[865]: ___________________ test_parallel_pbkdf2_correct_and_faster ____________________
[    4.206937] bash[865]: tests/test_outputs.py:292: in test_parallel_pbkdf2_correct_and_faster
[    4.207806] bash[865]:     assert t_par <= SPEEDUP_FACTOR * t_seq, (
[    4.208598] bash[865]: E   AssertionError: Expected parallel to be faster (t_par=1.288s vs t_seq=1.658s, cpus=2). Submissions observed: 36 via PPE.submit, PPE.submit, PPE.submit, PPE.submit, PPE.submit, PPE.submit, PPE.submit, PPE.submit, PPE.submit, PPE.submit, PPE.submit, PPE.submit, PPE.submit, PPE.submit, PPE.submit, PPE.submit, PPE.submit, PPE.submit, PPE.submit, PPE.submit, PPE.submit, PPE.submit, PPE.submit, PPE.submit, PPE.submit, PPE.submit, PPE.submit, PPE.submit, PPE.submit, PPE.submit, PPE.submit, PPE.submit, PPE.submit, PPE.submit, PPE.submit, PPE.submit
[    4.213324] bash[865]: E   assert 1.2881257429999997 <= (0.7 * 1.6581775049999998)
[    4.214140] bash[865]: =========================== short test summary info ============================
[    4.215136] bash[865]: FAILED tests/test_outputs.py::test_parallel_pbkdf2_correct_and_faster - Asser...
[    4.216201] bash[865]: ============================== 1 failed in 3.00s ===============================
[    4.217407] bash[865]: ========================================
[    4.218222] bash[865]: Results: failed (Passed: 0, Failed: 1)
[    4.219003] bash[865]: ========================================
[    4.229033] b[    4.292954] reboot: Restarting system
ash[865]: Rebooting.
2026-02-17T18:04:34.364247836 [anonymous-instance:main] Vmm is stopping.
2026-02-17T18:04:34.364542007 [anonymous-instance:main] Vmm is stopping.
2026-02-17T18:04:34.424611090 [anonymous-instance:main] Firecracker exiting successfully. exit_code=0

========================================
SUMMARY
========================================
  Status:       failed
  Tests Passed: 0
  Tests Failed: 1
========================================

========================================
TIMING BREAKDOWN
========================================
  Boot time:      0.828s  (host launch -> guest autorun start)
  Solution time:  0.026s  (solution.sh execution)
  Test time:      3.356s  (pytest execution)
  Task total:     3.409s  (boot-done -> pre-shutdown)
  Shutdown time:  0.785s  (reboot -f -> process exit)
  â”€â”€â”€â”€â”€â”€â”€â”€â”€â”€â”€â”€â”€â”€â”€â”€â”€â”€â”€â”€â”€â”€â”€â”€
  Total lifecycle: 5.022s (host launch -> process exit)
========================================

Task FAILED
